Start testing: Feb 03 07:17 +08
----------------------------------------------------------
1/1 Testing: Abc.aaa
1/1 Test: Abc.aaa
Command: "/home/reynald/test/googletest/googlemock/my_project/build/hello_test" "--gtest_filter=Abc.aaa" "--gtest_also_run_disabled_tests"
Directory: /home/reynald/test/googletest/googlemock/my_project/build
"Abc.aaa" start time: Feb 03 07:17 +08
Output:
----------------------------------------------------------
Note: Google Test filter = Abc.aaa
[==========] Running 1 test from 1 test suite.
[----------] Global test environment set-up.
[----------] 1 test from Abc
[ RUN      ] Abc.aaa
[       OK ] Abc.aaa (0 ms)
[----------] 1 test from Abc (0 ms total)

[----------] Global test environment tear-down
[==========] 1 test from 1 test suite ran. (0 ms total)
[  PASSED  ] 1 test.
<end of output>
Test time =   0.00 sec
----------------------------------------------------------
Test Passed.
"Abc.aaa" end time: Feb 03 07:17 +08
"Abc.aaa" time elapsed: 00:00:00
----------------------------------------------------------

End testing: Feb 03 07:17 +08
