Start testing: Feb 03 22:47 +08
----------------------------------------------------------
1/4 Testing: MockTestAdBook1.MockTest2
1/4 Test: MockTestAdBook1.MockTest2
Command: "/home/reynald/test/googletest/googlemock/my_project2/build/hello_test" "--gtest_filter=MockTestAdBook1.MockTest2" "--gtest_also_run_disabled_tests"
Directory: /home/reynald/test/googletest/googlemock/my_project2/build
"MockTestAdBook1.MockTest2" start time: Feb 03 22:47 +08
Output:
----------------------------------------------------------
Note: Google Test filter = MockTestAdBook1.MockTest2
[==========] Running 1 test from 1 test suite.
[----------] Global test environment set-up.
[----------] 1 test from MockTestAdBook1
[ RUN      ] MockTestAdBook1.MockTest2
'save.txt' has been found but is empty.
Therefore, no records have been added to the database.
--------------------
The database is empty. Therefore, no records have been added to file: save.txt
--------------------
The Database is empty. Therefore, no records have been removed.
--------------------
[       OK ] MockTestAdBook1.MockTest2 (0 ms)
[----------] 1 test from MockTestAdBook1 (0 ms total)

[----------] Global test environment tear-down
[==========] 1 test from 1 test suite ran. (0 ms total)
[  PASSED  ] 1 test.
<end of output>
Test time =   0.00 sec
----------------------------------------------------------
Test Passed.
"MockTestAdBook1.MockTest2" end time: Feb 03 22:47 +08
"MockTestAdBook1.MockTest2" time elapsed: 00:00:00
----------------------------------------------------------

2/4 Testing: MockTestAdBook2.MockTest2
2/4 Test: MockTestAdBook2.MockTest2
Command: "/home/reynald/test/googletest/googlemock/my_project2/build/hello_test" "--gtest_filter=MockTestAdBook2.MockTest2" "--gtest_also_run_disabled_tests"
Directory: /home/reynald/test/googletest/googlemock/my_project2/build
"MockTestAdBook2.MockTest2" start time: Feb 03 22:47 +08
Output:
----------------------------------------------------------
Note: Google Test filter = MockTestAdBook2.MockTest2
[==========] Running 1 test from 1 test suite.
[----------] Global test environment set-up.
[----------] 1 test from MockTestAdBook2
[ RUN      ] MockTestAdBook2.MockTest2
'save.txt' has been found but is empty.
Therefore, no records have been added to the database.
--------------------
The database is empty. Therefore, no records have been added to file: save.txt
--------------------
The Database is empty. Therefore, no records have been removed.
--------------------
[       OK ] MockTestAdBook2.MockTest2 (0 ms)
[----------] 1 test from MockTestAdBook2 (0 ms total)

[----------] Global test environment tear-down
[==========] 1 test from 1 test suite ran. (0 ms total)
[  PASSED  ] 1 test.
<end of output>
Test time =   0.00 sec
----------------------------------------------------------
Test Passed.
"MockTestAdBook2.MockTest2" end time: Feb 03 22:47 +08
"MockTestAdBook2.MockTest2" time elapsed: 00:00:00
----------------------------------------------------------

3/4 Testing: MockTestAdBook3.MockTest2
3/4 Test: MockTestAdBook3.MockTest2
Command: "/home/reynald/test/googletest/googlemock/my_project2/build/hello_test" "--gtest_filter=MockTestAdBook3.MockTest2" "--gtest_also_run_disabled_tests"
Directory: /home/reynald/test/googletest/googlemock/my_project2/build
"MockTestAdBook3.MockTest2" start time: Feb 03 22:47 +08
Output:
----------------------------------------------------------
Note: Google Test filter = MockTestAdBook3.MockTest2
[==========] Running 1 test from 1 test suite.
[----------] Global test environment set-up.
[----------] 1 test from MockTestAdBook3
[ RUN      ] MockTestAdBook3.MockTest2
'save.txt' has been found but is empty.
Therefore, no records have been added to the database.
--------------------
The database is empty. Therefore, no records have been added to file: save.txt
--------------------
The Database is empty. Therefore, no records have been removed.
--------------------
[       OK ] MockTestAdBook3.MockTest2 (0 ms)
[----------] 1 test from MockTestAdBook3 (0 ms total)

[----------] Global test environment tear-down
[==========] 1 test from 1 test suite ran. (0 ms total)
[  PASSED  ] 1 test.
<end of output>
Test time =   0.00 sec
----------------------------------------------------------
Test Passed.
"MockTestAdBook3.MockTest2" end time: Feb 03 22:47 +08
"MockTestAdBook3.MockTest2" time elapsed: 00:00:00
----------------------------------------------------------

4/4 Testing: MockTestAdBook4.MockTest2
4/4 Test: MockTestAdBook4.MockTest2
Command: "/home/reynald/test/googletest/googlemock/my_project2/build/hello_test" "--gtest_filter=MockTestAdBook4.MockTest2" "--gtest_also_run_disabled_tests"
Directory: /home/reynald/test/googletest/googlemock/my_project2/build
"MockTestAdBook4.MockTest2" start time: Feb 03 22:47 +08
Output:
----------------------------------------------------------
Note: Google Test filter = MockTestAdBook4.MockTest2
[==========] Running 1 test from 1 test suite.
[----------] Global test environment set-up.
[----------] 1 test from MockTestAdBook4
[ RUN      ] MockTestAdBook4.MockTest2
'save.txt' has been found but is empty.
Therefore, no records have been added to the database.
--------------------
The database is empty. Therefore, no records have been added to file: save.txt
--------------------
The Database is empty. Therefore, no records have been removed.
--------------------
[       OK ] MockTestAdBook4.MockTest2 (0 ms)
[----------] 1 test from MockTestAdBook4 (0 ms total)

[----------] Global test environment tear-down
[==========] 1 test from 1 test suite ran. (0 ms total)
[  PASSED  ] 1 test.
<end of output>
Test time =   0.00 sec
----------------------------------------------------------
Test Passed.
"MockTestAdBook4.MockTest2" end time: Feb 03 22:47 +08
"MockTestAdBook4.MockTest2" time elapsed: 00:00:00
----------------------------------------------------------

End testing: Feb 03 22:47 +08
